<?xml version="1.0" encoding="UTF-8"?>
<!-- Generated by org.testng.reporters.JUnitReportReporter -->
<testsuite skipped="0" hostname="DESKTOP-I1Q25AO" name="WatchVideoTest.validateProcessTest" tests="3" failures="0" timestamp="2020-12-29T20:18:27 IST" time="37.170" errors="0">
  <testcase name="watchEditVideo" time="20.574" classname="WatchVideoTest.validateProcessTest"/>
  <system-out/>
  <testcase name="basePageNavigation" time="2.543" classname="WatchVideoTest.validateProcessTest"/>
  <system-out/>
  <testcase name="clickVideo" time="14.053" classname="WatchVideoTest.validateProcessTest"/>
  <system-out/>
</testsuite> <!-- WatchVideoTest.validateProcessTest -->
