<?xml version="1.0" encoding="UTF-8"?>
<!-- Generated by org.testng.reporters.JUnitReportReporter -->
<testsuite skipped="0" hostname="DESKTOP-I1Q25AO" name="WatchVideoTest.userErrorTest" tests="1" failures="0" timestamp="2020-12-29T20:18:27 IST" time="4.124" errors="0">
  <testcase name="basePageLogin" time="4.124" classname="WatchVideoTest.userErrorTest"/>
  <system-out/>
</testsuite> <!-- WatchVideoTest.userErrorTest -->
